c:\users\turqo\source\repos\projectduce\projectduce\x64\debug\vc142.pdb
c:\users\turqo\source\repos\projectduce\projectduce\x64\debug\vc142.idb
c:\users\turqo\source\repos\projectduce\projectduce\x64\debug\menu.obj
c:\users\turqo\source\repos\projectduce\projectduce\x64\debug\tile.obj
c:\users\turqo\source\repos\projectduce\projectduce\x64\debug\main.obj
c:\users\turqo\source\repos\projectduce\projectduce\x64\debug\entity.obj
c:\users\turqo\source\repos\projectduce\projectduce\x64\debug\soldier.obj
c:\users\turqo\source\repos\projectduce\projectduce\x64\debug\bullet.obj
c:\users\turqo\source\repos\projectduce\projectduce\x64\debug\soldiermanager.obj
c:\users\turqo\source\repos\projectduce\projectduce\x64\debug\bulletmanager.obj
c:\users\turqo\source\repos\projectduce\projectduce\x64\debug\gridmanager.obj
c:\users\turqo\source\repos\projectduce\projectduce\x64\debug\building.obj
c:\users\turqo\source\repos\projectduce\projectduce\x64\debug\buildingmanager.obj
c:\users\turqo\source\repos\projectduce\projectduce\x64\debug\networkmanager.obj
c:\users\turqo\source\repos\projectduce\projectduce\x64\debug\projectduce.ilk
c:\users\turqo\source\repos\projectduce\x64\debug\projectduce.exe
c:\users\turqo\source\repos\projectduce\x64\debug\projectduce.pdb
c:\users\turqo\source\repos\projectduce\projectduce\x64\debug\projectduce.tlog\cl.command.1.tlog
c:\users\turqo\source\repos\projectduce\projectduce\x64\debug\projectduce.tlog\cl.read.1.tlog
c:\users\turqo\source\repos\projectduce\projectduce\x64\debug\projectduce.tlog\cl.write.1.tlog
c:\users\turqo\source\repos\projectduce\projectduce\x64\debug\projectduce.tlog\link.command.1.tlog
c:\users\turqo\source\repos\projectduce\projectduce\x64\debug\projectduce.tlog\link.read.1.tlog
c:\users\turqo\source\repos\projectduce\projectduce\x64\debug\projectduce.tlog\link.write.1.tlog
