  NetworkManager.cpp
  BuildingManager.cpp
  Building.cpp
  GridManager.cpp
  BulletManager.cpp
  SoldierManager.cpp
C:\Users\turqo\source\repos\ProjectDuce\ProjectDuce\src\library\SoldierManager.cpp(219,12): warning C4477: 'printf' : format string '%d' requires an argument of type 'int', but variadic argument 1 has type 'unsigned __int64'
C:\Users\turqo\source\repos\ProjectDuce\ProjectDuce\src\library\SoldierManager.cpp(219,12): message : consider using '%zd' in the format string
C:\Users\turqo\source\repos\ProjectDuce\ProjectDuce\src\library\SoldierManager.cpp(219,12): warning C4477: 'printf' : format string '%d' requires an argument of type 'int', but variadic argument 2 has type 'unsigned __int64'
C:\Users\turqo\source\repos\ProjectDuce\ProjectDuce\src\library\SoldierManager.cpp(219,12): message : consider using '%zd' in the format string
  Bullet.cpp
  Soldier.cpp
  Entity.cpp
  Main.cpp
C:\Program Files (x86)\Windows Kits\10\Include\10.0.22000.0\um\wingdi.h(118,1): warning C4005: 'ERROR': macro redefinition
C:\Users\turqo\source\repos\ProjectDuce\HelperLibraries\Allegro\AllegroHelper.h(3): message : see previous definition of 'ERROR'
  Tile.cpp
  Menu.cpp
  Generating Code...
  ProjectDuce.vcxproj -> C:\Users\turqo\source\repos\ProjectDuce\x64\Debug\ProjectDuce.exe
